$ bash -lc source\ /opt/ros/humble/setup.bash\ \&\&\ source\ /home/jetson/colcon_ws/install/setup.bash\ \&\&\ timeout\ 12s\ python3\ /home/jetson/colcon_ws/stella_camera_nav_experiments/scripts/probe_apriltag_live.py 

[INFO] [1778077189.459403903] [probe_apriltag_live]: waiting for /camera/color/image_raw
[INFO] [1778077215.847974055] [probe_apriltag_live]: saved RGB: /home/jetson/colcon_ws/stella_camera_nav_experiments/results/apriltag_probe_rgb.png
Failed to publish log message to rosout: publisher's context is invalid, at ./src/rcl/publisher.c:389
[INFO] [1778077215.848504473] [probe_apriltag_live]: saved results: /home/jetson/colcon_ws/stella_camera_nav_experiments/results/apriltag_probe_results.json
Failed to publish log message to rosout: publisher's context is invalid, at ./src/rcl/publisher.c:389
[INFO] [1778077215.849000845] [probe_apriltag_live]: family=tag16h5 variant=clahe dec=1.0 blur=0.0 count=14 ids=[1, 1, 1, 7, 12, 14, 14, 14, 18, 21, 22, 25] margin_med=42.83340263366699
Failed to publish log message to rosout: publisher's context is invalid, at ./src/rcl/publisher.c:389
[INFO] [1778077215.849455329] [probe_apriltag_live]: family=tag16h5 variant=up2_clahe dec=1.0 blur=0.0 count=12 ids=[0, 0, 1, 6, 10, 12, 12, 12, 12, 14, 15, 26] margin_med=0.5586189031600952
Failed to publish log message to rosout: publisher's context is invalid, at ./src/rcl/publisher.c:389
[INFO] [1778077215.849902197] [probe_apriltag_live]: family=tag16h5 variant=up2_clahe dec=2.0 blur=0.0 count=10 ids=[1, 1, 1, 2, 4, 14, 17, 18, 23, 26] margin_med=59.4759578704834
Failed to publish log message to rosout: publisher's context is invalid, at ./src/rcl/publisher.c:389
[INFO] [1778077215.850346505] [probe_apriltag_live]: family=tag16h5 variant=up2_clahe dec=2.0 blur=0.8 count=10 ids=[1, 1, 1, 2, 7, 14, 14, 17, 18, 26] margin_med=56.41539764404297
Failed to publish log message to rosout: publisher's context is invalid, at ./src/rcl/publisher.c:389
[INFO] [1778077215.850781182] [probe_apriltag_live]: family=tag16h5 variant=clahe dec=2.0 blur=0.0 count=9 ids=[1, 1, 2, 13, 14, 17, 18, 26, 29] margin_med=57.11286163330078
Failed to publish log message to rosout: publisher's context is invalid, at ./src/rcl/publisher.c:389
[INFO] [1778077215.851218323] [probe_apriltag_live]: family=tag16h5 variant=gray dec=1.0 blur=0.0 count=9 ids=[0, 12, 13, 13, 14, 18, 19, 21, 25] margin_med=40.5280647277832
Failed to publish log message to rosout: publisher's context is invalid, at ./src/rcl/publisher.c:389
[INFO] [1778077215.851662215] [probe_apriltag_live]: family=tag16h5 variant=clahe dec=1.0 blur=0.8 count=8 ids=[1, 1, 12, 13, 14, 14, 17, 17] margin_med=54.77579689025879
Failed to publish log message to rosout: publisher's context is invalid, at ./src/rcl/publisher.c:389
[INFO] [1778077215.852172954] [probe_apriltag_live]: family=tag16h5 variant=up2_clahe dec=1.0 blur=0.8 count=8 ids=[0, 1, 12, 12, 13, 14, 18, 26] margin_med=29.975961208343506
Failed to publish log message to rosout: publisher's context is invalid, at ./src/rcl/publisher.c:389
Traceback (most recent call last):
  File "/home/jetson/colcon_ws/stella_camera_nav_experiments/scripts/probe_apriltag_live.py", line 149, in <module>
    main()
  File "/home/jetson/colcon_ws/stella_camera_nav_experiments/scripts/probe_apriltag_live.py", line 139, in main
    rclpy.spin(node)
  File "/opt/ros/humble/local/lib/python3.10/dist-packages/rclpy/__init__.py", line 229, in spin
    executor.spin_once()
  File "/opt/ros/humble/local/lib/python3.10/dist-packages/rclpy/executors.py", line 808, in spin_once
    self._spin_once_impl(timeout_sec)
  File "/opt/ros/humble/local/lib/python3.10/dist-packages/rclpy/executors.py", line 805, in _spin_once_impl
    raise handler.exception()
  File "/opt/ros/humble/local/lib/python3.10/dist-packages/rclpy/task.py", line 272, in _execute_coroutine_step
    result = coro.send(None)
  File "/opt/ros/humble/local/lib/python3.10/dist-packages/rclpy/executors.py", line 488, in handler
    await call_coroutine(entity, arg)
  File "/opt/ros/humble/local/lib/python3.10/dist-packages/rclpy/executors.py", line 407, in _execute_subscription
    await await_or_execute(sub.callback, msg)
  File "/opt/ros/humble/local/lib/python3.10/dist-packages/rclpy/executors.py", line 110, in await_or_execute
    return callback(*args)
  File "/home/jetson/colcon_ws/stella_camera_nav_experiments/scripts/probe_apriltag_live.py", line 122, in cb
    rclpy.shutdown()
  File "/opt/ros/humble/local/lib/python3.10/dist-packages/rclpy/__init__.py", line 130, in shutdown
    _shutdown(context=context)
  File "/opt/ros/humble/local/lib/python3.10/dist-packages/rclpy/utilities.py", line 58, in shutdown
    return context.shutdown()
  File "/opt/ros/humble/local/lib/python3.10/dist-packages/rclpy/context.py", line 102, in shutdown
    self.__context.shutdown()
rclpy._rclpy_pybind11.RCLError: failed to shutdown: rcl_shutdown already called on the given context, at ./src/rcl/init.c:241
